2026-05-14 11:23:07,979 - INFO - starting xG fetch for EPL 2024...
2026-05-14 11:23:08,137 - INFO - ✓ xG tables initialized
2026-05-14 11:23:08,137 - INFO - fetching EPL 2024 match xG data...
2026-05-14 11:23:09,950 - INFO - ✓ fetched 380 matches
2026-05-14 11:23:09,950 - INFO - fetching EPL 2024 player xG data...
2026-05-14 11:23:10,203 - INFO - ✓ fetched 562 players
2026-05-14 11:23:10,733 - INFO - ✓ saved 380 matches (0 skipped)
2026-05-14 11:23:10,812 - INFO - ✓ saved 562 players (0 skipped)
2026-05-14 11:23:10,812 - INFO - ✓ all xG data saved successfully
2026-05-14 11:35:31,553 - INFO - starting xG fetch for EPL 2024...
2026-05-14 11:35:31,553 - INFO - ✓ xG tables initialized
2026-05-14 11:35:31,554 - INFO - fetching EPL 2024 match xG data...
2026-05-14 11:35:33,413 - INFO - ✓ fetched 380 matches
2026-05-14 11:35:33,413 - INFO - fetching EPL 2024 player xG data...
2026-05-14 11:35:33,693 - INFO - ✓ fetched 562 players
2026-05-14 11:35:33,773 - INFO - ✓ saved 380 matches (0 skipped)
2026-05-14 11:35:33,909 - INFO - ✓ saved 562 players (0 skipped)
2026-05-14 11:35:33,909 - INFO - ✓ all xG data saved successfully
2026-05-14 11:45:49,499 - INFO - starting xG fetch for EPL 2024...
2026-05-14 11:45:49,573 - INFO - ✓ xG tables initialized
2026-05-14 11:45:49,573 - INFO - fetching EPL 2024 match xG data...
2026-05-14 11:45:51,570 - INFO - ✓ fetched 380 matches
2026-05-14 11:45:51,570 - INFO - fetching EPL 2024 player xG data...
2026-05-14 11:45:51,822 - INFO - ✓ fetched 562 players
2026-05-14 11:45:52,511 - INFO - ✓ saved 380 matches (0 skipped)
2026-05-14 11:45:53,335 - INFO - ✓ saved 562 players (0 skipped)
2026-05-14 11:45:53,335 - INFO - ✓ all xG data saved successfully
2026-05-14 13:00:37,823 - INFO - starting xG fetch for EPL 2024...
2026-05-14 13:00:37,833 - INFO - ✓ xG tables initialized
2026-05-14 13:00:37,833 - INFO - fetching EPL 2024 match xG data...
2026-05-14 13:00:39,675 - INFO - ✓ fetched 380 matches
2026-05-14 13:00:39,675 - INFO - fetching EPL 2024 player xG data...
2026-05-14 13:00:39,932 - INFO - ✓ fetched 562 players
2026-05-14 13:00:39,998 - INFO - ✓ saved 380 matches (0 skipped)
2026-05-14 13:00:40,072 - INFO - ✓ saved 562 players (0 skipped)
2026-05-14 13:00:40,073 - INFO - ✓ all xG data saved successfully
2026-05-14 13:39:21,412 - INFO - starting xG fetch for EPL 2024...
2026-05-14 13:39:21,413 - INFO - ✓ xG tables initialized
2026-05-14 13:39:21,413 - INFO - fetching EPL 2024 match xG data...
2026-05-14 13:39:23,177 - INFO - ✓ fetched 380 matches
2026-05-14 13:39:23,177 - INFO - fetching EPL 2024 player xG data...
2026-05-14 13:39:23,444 - INFO - ✓ fetched 562 players
2026-05-14 13:39:23,514 - INFO - ✓ saved 380 matches (0 skipped)
2026-05-14 13:39:23,588 - INFO - ✓ saved 562 players (0 skipped)
2026-05-14 13:39:23,588 - INFO - ✓ all xG data saved successfully
2026-05-14 16:36:42,201 - INFO - starting xG fetch for EPL 2024...
2026-05-14 16:36:42,201 - INFO - ✓ xG tables initialized
2026-05-14 16:36:42,202 - INFO - fetching EPL 2024 match xG data...
2026-05-14 16:36:43,685 - INFO - ✓ fetched 380 matches
2026-05-14 16:36:43,685 - INFO - fetching EPL 2024 player xG data...
2026-05-14 16:36:43,944 - INFO - ✓ fetched 562 players
2026-05-14 16:36:44,006 - INFO - ✓ saved 380 matches (0 skipped)
2026-05-14 16:36:44,080 - INFO - ✓ saved 562 players (0 skipped)
2026-05-14 16:36:44,080 - INFO - ✓ all xG data saved successfully
2026-05-20 16:29:00,556 - INFO - starting xG fetch for EPL 2024...
2026-05-20 16:29:00,556 - INFO - ✓ xG tables initialized
2026-05-20 16:29:00,556 - INFO - fetching EPL 2024 match xG data...
2026-05-20 16:29:02,029 - INFO - ✓ fetched 380 matches
2026-05-20 16:29:02,029 - INFO - fetching EPL 2024 player xG data...
2026-05-20 16:29:02,276 - INFO - ✓ fetched 562 players
2026-05-20 16:29:02,866 - INFO - ✓ saved 380 matches (0 skipped)
2026-05-20 16:29:03,453 - INFO - ✓ saved 562 players (0 skipped)
2026-05-20 16:29:03,453 - INFO - ✓ all xG data saved successfully
2026-05-20 16:31:18,040 - INFO - starting xG fetch for EPL 2024...
2026-05-20 16:31:18,040 - INFO - ✓ xG tables initialized
2026-05-20 16:31:18,040 - INFO - fetching EPL 2024 match xG data...
2026-05-20 16:31:19,512 - INFO - ✓ fetched 380 matches
2026-05-20 16:31:19,512 - INFO - fetching EPL 2024 player xG data...
2026-05-20 16:31:19,765 - INFO - ✓ fetched 562 players
2026-05-20 16:31:19,825 - INFO - ✓ saved 380 matches (0 skipped)
2026-05-20 16:31:19,888 - INFO - ✓ saved 562 players (0 skipped)
2026-05-20 16:31:19,888 - INFO - ✓ all xG data saved successfully
