2026-04-21 02:53:25,214 - INFO - ============================================================
2026-04-21 02:53:25,214 - INFO - Starting PL data fetch for Season 2024...
2026-04-21 02:53:25,214 - INFO - Team stats fetching: ENABLED
2026-04-21 02:53:25,214 - INFO - ============================================================
2026-04-21 02:53:25,215 - INFO - ✓ Database initialized successfully for season 2024
2026-04-21 02:53:25,215 - INFO - 
📊 Fetching standings...
2026-04-21 02:53:25,215 - INFO - Fetching: standings...
2026-04-21 02:53:25,500 - INFO - ✓ Fetched successfully
2026-04-21 02:53:25,869 - INFO - ✓ Saved 20 teams to database (Season 2024)
2026-04-21 02:53:25,869 - INFO - 
⚽ Fetching top scorers...
2026-04-21 02:53:25,869 - INFO - Fetching: topscorers...
2026-04-21 02:53:26,157 - INFO - ✓ Fetched successfully
2026-04-21 02:53:26,218 - INFO - ✓ Saved 19 scorers to database (Season 2024)
2026-04-21 02:53:26,219 - INFO - 
🏟️  Fetching fixtures...
2026-04-21 02:53:26,219 - INFO - Fetching: fixtures...
2026-04-21 02:53:26,487 - INFO - ✓ Fetched successfully
2026-04-21 02:53:26,488 - INFO - ✓ Saved 0 fixtures to database (Season 2024)
2026-04-21 02:53:26,488 - INFO - 
📈 Fetching advanced stats for 20 teams...
2026-04-21 02:53:26,489 - INFO - ⚠️  This makes many API calls and may trigger rate limiting
2026-04-21 02:53:26,489 - INFO -   [1/20] Liverpool...
2026-04-21 02:53:26,489 - INFO - Fetching: statistics...
2026-04-21 02:53:26,777 - INFO - ✓ Fetched successfully
2026-04-21 02:53:26,778 - ERROR - ✗ Failed to save team stats: Error binding parameter 12: type 'dict' is not supported
2026-04-21 02:53:26,778 - INFO -   [2/20] Arsenal...
2026-04-21 02:53:26,778 - INFO - Fetching: statistics...
2026-04-21 02:53:27,041 - INFO - ✓ Fetched successfully
2026-04-21 02:53:27,042 - ERROR - ✗ Failed to save team stats: Error binding parameter 12: type 'dict' is not supported
2026-04-21 02:53:27,042 - INFO -   [3/20] Manchester City...
2026-04-21 02:53:27,042 - INFO - Fetching: statistics...
2026-04-21 02:53:27,325 - INFO - ✓ Fetched successfully
2026-04-21 02:53:27,327 - ERROR - ✗ Failed to save team stats: Error binding parameter 12: type 'dict' is not supported
2026-04-21 02:53:27,327 - INFO -   [4/20] Chelsea...
2026-04-21 02:53:27,327 - INFO - Fetching: statistics...
2026-04-21 02:53:27,620 - INFO - ✓ Fetched successfully
2026-04-21 02:53:27,621 - ERROR - ✗ Failed to save team stats: Error binding parameter 12: type 'dict' is not supported
2026-04-21 02:53:27,621 - INFO -   [5/20] Newcastle...
2026-04-21 02:53:27,621 - INFO - Fetching: statistics...
2026-04-21 02:53:27,908 - INFO - ✓ Fetched successfully
2026-04-21 02:53:27,909 - ERROR - ✗ Failed to save team stats: Error binding parameter 12: type 'dict' is not supported
2026-04-21 02:53:27,909 - INFO -   [6/20] Aston Villa...
2026-04-21 02:53:27,909 - INFO - Fetching: statistics...
2026-04-21 02:53:28,115 - INFO - ✓ Fetched successfully
2026-04-21 02:53:28,116 - ERROR - ✗ Failed to save team stats: Error binding parameter 12: type 'dict' is not supported
2026-04-21 02:53:28,116 - INFO -   [7/20] Nottingham Forest...
2026-04-21 02:53:28,116 - INFO - Fetching: statistics...
2026-04-21 02:53:28,332 - INFO - ✓ Fetched successfully
2026-04-21 02:53:28,333 - ERROR - ✗ Failed to save team stats: Error binding parameter 12: type 'dict' is not supported
2026-04-21 02:53:28,334 - INFO -   [8/20] Brighton...
2026-04-21 02:53:28,334 - INFO - Fetching: statistics...
2026-04-21 02:53:28,527 - INFO - ✓ Fetched successfully
2026-04-21 02:53:28,528 - ERROR - ✗ Failed to save team stats: Error binding parameter 12: type 'dict' is not supported
2026-04-21 02:53:28,528 - INFO -   [9/20] Bournemouth...
2026-04-21 02:53:28,528 - INFO - Fetching: statistics...
2026-04-21 02:53:28,564 - WARNING - 🚫 Rate limited. Waiting 1s before retry...
2026-04-21 02:53:29,564 - INFO - Fetching: statistics...
2026-04-21 02:53:29,593 - WARNING - 🚫 Rate limited. Waiting 2s before retry...
2026-04-21 02:53:31,594 - INFO - Fetching: statistics...
2026-04-21 02:53:31,638 - WARNING - 🚫 Rate limited. Waiting 4s before retry...
2026-04-21 02:53:35,639 - INFO - Fetching: statistics...
2026-04-21 02:53:35,686 - WARNING - 🚫 Rate limited. Waiting 8s before retry...
2026-04-21 02:53:43,686 - INFO - Fetching: statistics...
2026-04-21 02:53:43,732 - WARNING - 🚫 Rate limited. Waiting 16s before retry...
2026-04-21 02:53:59,733 - INFO - Fetching: statistics...
2026-04-21 02:54:00,022 - INFO - ✓ Fetched successfully
2026-04-21 02:54:00,023 - ERROR - ✗ Failed to save team stats: list indices must be integers or slices, not str
2026-04-21 02:54:00,023 - INFO -   [10/20] Brentford...
2026-04-21 02:54:00,023 - INFO - Fetching: statistics...
2026-04-21 02:54:00,247 - INFO - ✓ Fetched successfully
2026-04-21 02:54:00,248 - ERROR - ✗ Failed to save team stats: Error binding parameter 12: type 'dict' is not supported
2026-04-21 02:54:00,249 - INFO -   [11/20] Fulham...
2026-04-21 02:54:00,249 - INFO - Fetching: statistics...
2026-04-21 02:54:00,442 - INFO - ✓ Fetched successfully
2026-04-21 02:54:00,444 - ERROR - ✗ Failed to save team stats: Error binding parameter 12: type 'dict' is not supported
2026-04-21 02:54:00,444 - INFO -   [12/20] Crystal Palace...
2026-04-21 02:54:00,444 - INFO - Fetching: statistics...
2026-04-21 02:54:00,660 - INFO - ✓ Fetched successfully
2026-04-21 02:54:00,661 - ERROR - ✗ Failed to save team stats: Error binding parameter 12: type 'dict' is not supported
2026-04-21 02:54:00,661 - INFO -   [13/20] Everton...
2026-04-21 02:54:00,661 - INFO - Fetching: statistics...
2026-04-21 02:54:00,876 - INFO - ✓ Fetched successfully
2026-04-21 02:54:00,877 - ERROR - ✗ Failed to save team stats: Error binding parameter 12: type 'dict' is not supported
2026-04-21 02:54:00,877 - INFO -   [14/20] West Ham...
2026-04-21 02:54:00,877 - INFO - Fetching: statistics...
2026-04-21 02:54:01,162 - INFO - ✓ Fetched successfully
2026-04-21 02:54:01,163 - ERROR - ✗ Failed to save team stats: Error binding parameter 12: type 'dict' is not supported
2026-04-21 02:54:01,163 - INFO -   [15/20] Manchester United...
2026-04-21 02:54:01,163 - INFO - Fetching: statistics...
2026-04-21 02:54:01,354 - INFO - ✓ Fetched successfully
2026-04-21 02:54:01,355 - ERROR - ✗ Failed to save team stats: Error binding parameter 12: type 'dict' is not supported
2026-04-21 02:54:01,355 - INFO -   [16/20] Wolves...
2026-04-21 02:54:01,355 - INFO - Fetching: statistics...
2026-04-21 02:54:01,643 - INFO - ✓ Fetched successfully
2026-04-21 02:54:01,644 - ERROR - ✗ Failed to save team stats: Error binding parameter 12: type 'dict' is not supported
2026-04-21 02:54:01,645 - INFO -   [17/20] Tottenham...
2026-04-21 02:54:01,645 - INFO - Fetching: statistics...
2026-04-21 02:54:01,957 - INFO - ✓ Fetched successfully
2026-04-21 02:54:01,958 - ERROR - ✗ Failed to save team stats: Error binding parameter 12: type 'dict' is not supported
2026-04-21 02:54:01,958 - INFO -   [18/20] Leicester...
2026-04-21 02:54:01,958 - INFO - Fetching: statistics...
2026-04-21 02:54:02,262 - INFO - ✓ Fetched successfully
2026-04-21 02:54:02,263 - ERROR - ✗ Failed to save team stats: Error binding parameter 12: type 'dict' is not supported
2026-04-21 02:54:02,263 - INFO -   [19/20] Ipswich...
2026-04-21 02:54:02,263 - INFO - Fetching: statistics...
2026-04-21 02:54:02,562 - INFO - ✓ Fetched successfully
2026-04-21 02:54:02,563 - ERROR - ✗ Failed to save team stats: Error binding parameter 12: type 'dict' is not supported
2026-04-21 02:54:02,564 - INFO -   [20/20] Southampton...
2026-04-21 02:54:02,564 - INFO - Fetching: statistics...
2026-04-21 02:54:02,597 - WARNING - 🚫 Rate limited. Waiting 1s before retry...
2026-04-21 02:54:03,597 - INFO - Fetching: statistics...
2026-04-21 02:54:03,640 - WARNING - 🚫 Rate limited. Waiting 2s before retry...
2026-04-21 02:54:05,640 - INFO - Fetching: statistics...
2026-04-21 02:54:05,692 - WARNING - 🚫 Rate limited. Waiting 4s before retry...
2026-04-21 02:54:09,693 - INFO - Fetching: statistics...
2026-04-21 02:54:09,736 - WARNING - 🚫 Rate limited. Waiting 8s before retry...
2026-04-21 02:54:17,737 - INFO - Fetching: statistics...
2026-04-21 02:54:17,765 - WARNING - 🚫 Rate limited. Waiting 16s before retry...
2026-04-21 12:39:24,216 - INFO - ==================================================
2026-04-21 12:39:24,216 - INFO - fetching PL data for season 2025
2026-04-21 12:39:24,216 - INFO - ==================================================
2026-04-21 12:39:24,216 - INFO - database ready for season 2025
2026-04-21 12:39:24,216 - INFO - fetching standings...
2026-04-21 12:39:24,625 - INFO - fetch success
2026-04-21 12:39:24,627 - ERROR - save standings failed: list index out of range
2026-04-21 12:39:24,627 - ERROR - fatal error: list index out of range
2026-04-21 12:42:35,262 - INFO - ==================================================
2026-04-21 12:42:35,262 - INFO - fetching PL data for season 2025
2026-04-21 12:42:35,262 - INFO - ==================================================
2026-04-21 12:42:35,262 - INFO - database ready for season 2025
2026-04-21 12:42:35,262 - INFO - fetching standings...
2026-04-21 12:42:35,540 - INFO - fetch success
2026-04-21 12:42:35,543 - ERROR - save standings failed: list index out of range
2026-04-21 12:42:35,544 - ERROR - fatal error: list index out of range
2026-04-21 12:45:32,133 - INFO - ==================================================
2026-04-21 12:45:32,133 - INFO - fetching PL data for season 2025
2026-04-21 12:45:32,133 - INFO - ==================================================
2026-04-21 12:45:32,133 - INFO - database ready for season 2025
2026-04-21 12:45:32,134 - INFO - fetching standings...
2026-04-21 12:45:32,368 - INFO - fetch success
2026-04-21 12:45:32,368 - ERROR - save standings failed: list index out of range
2026-04-21 12:45:32,369 - ERROR - fatal error: list index out of range
2026-04-21 12:47:43,028 - INFO - ==================================================
2026-04-21 12:47:43,028 - INFO - fetching PL data for season 2025
2026-04-21 12:47:43,028 - INFO - ==================================================
2026-04-21 12:47:43,029 - INFO - database ready for season 2025
2026-04-21 12:47:43,029 - INFO - fetching standings...
2026-04-21 12:47:43,299 - INFO - fetch success
2026-04-21 12:47:43,300 - ERROR - save standings failed: list index out of range
2026-04-21 12:47:43,300 - ERROR - fatal error: list index out of range
2026-04-21 12:47:50,921 - INFO - ==================================================
2026-04-21 12:47:50,921 - INFO - fetching PL data for season 2025
2026-04-21 12:47:50,921 - INFO - ==================================================
2026-04-21 12:47:50,921 - INFO - database ready for season 2025
2026-04-21 12:47:50,922 - INFO - fetching standings...
2026-04-21 12:47:51,206 - INFO - fetch success
2026-04-21 12:47:51,207 - ERROR - save standings failed: list index out of range
2026-04-21 12:47:51,207 - ERROR - fatal error: list index out of range
2026-04-21 12:48:05,295 - INFO - ==================================================
2026-04-21 12:48:05,295 - INFO - fetching PL data for season 2024
2026-04-21 12:48:05,295 - INFO - ==================================================
2026-04-21 12:48:05,295 - INFO - database ready for season 2024
2026-04-21 12:48:05,295 - INFO - fetching standings...
2026-04-21 12:48:05,571 - INFO - fetch success
2026-04-21 12:48:05,635 - INFO - saved 20 teams to standings
2026-04-21 12:48:05,635 - INFO - fetching top scorers...
2026-04-21 12:48:05,923 - INFO - fetch success
2026-04-21 12:48:05,989 - INFO - saved 19 scorers
2026-04-21 12:48:05,990 - INFO - fetching fixtures...
2026-04-21 12:48:06,260 - INFO - fetch success
2026-04-21 12:48:06,261 - INFO - saved 0 fixtures
2026-04-21 12:48:06,261 - INFO - ALL DONE. data saved to pl_data.db
2026-05-05 11:25:44,594 - INFO - ==================================================
2026-05-05 11:25:44,602 - INFO - fetching PL data for season 2024
2026-05-05 11:25:44,602 - INFO - ==================================================
2026-05-05 11:25:44,613 - INFO - database ready for season 2024
2026-05-05 11:25:44,613 - INFO - fetching standings...
2026-05-05 11:25:44,970 - INFO - fetch success
2026-05-05 11:25:45,075 - INFO - saved 20 teams to standings
2026-05-05 11:25:45,075 - INFO - fetching top scorers...
2026-05-05 11:25:45,386 - INFO - fetch success
2026-05-05 11:25:45,446 - INFO - saved 19 scorers
2026-05-05 11:25:45,446 - INFO - fetching fixtures...
2026-05-05 11:25:45,750 - INFO - fetch success
2026-05-05 11:25:45,751 - INFO - saved 0 fixtures
2026-05-05 11:25:45,751 - INFO - ALL DONE. data saved to pl_data.db
2026-05-05 11:34:09,604 - INFO - ==================================================
2026-05-05 11:34:09,604 - INFO - fetching PL data for season 2024
2026-05-05 11:34:09,604 - INFO - ==================================================
2026-05-05 11:34:09,605 - INFO - database ready for season 2024
2026-05-05 11:34:09,605 - INFO - fetching standings...
2026-05-05 11:34:09,912 - INFO - fetch success
2026-05-05 11:34:10,220 - INFO - saved 20 teams to standings
2026-05-05 11:34:10,221 - INFO - fetching top scorers...
2026-05-05 11:34:10,527 - INFO - fetch success
2026-05-05 11:34:10,592 - INFO - saved 19 scorers
2026-05-05 11:34:10,593 - INFO - fetching fixtures...
2026-05-05 11:34:10,893 - INFO - fetch success
2026-05-05 11:34:10,894 - INFO - saved 0 fixtures
2026-05-05 11:34:10,895 - INFO - ALL DONE. data saved to pl_data.db
2026-05-05 11:34:42,404 - INFO - ==================================================
2026-05-05 11:34:42,404 - INFO - fetching PL data for season 2024
2026-05-05 11:34:42,404 - INFO - ==================================================
2026-05-05 11:34:42,405 - INFO - database ready for season 2024
2026-05-05 11:34:42,405 - INFO - fetching standings...
2026-05-05 11:34:42,689 - INFO - fetch success
2026-05-05 11:34:42,978 - INFO - saved 20 teams to standings
2026-05-05 11:34:42,979 - INFO - fetching top scorers...
2026-05-05 11:34:43,292 - INFO - fetch success
2026-05-05 11:34:43,351 - INFO - saved 19 scorers
2026-05-05 11:34:43,351 - INFO - fetching fixtures...
2026-05-05 11:34:43,654 - INFO - fetch success
2026-05-05 11:34:43,655 - INFO - saved 0 fixtures
2026-05-05 11:34:43,655 - INFO - ALL DONE. data saved to pl_data.db
2026-05-05 11:41:26,784 - INFO - fetch success
2026-05-05 11:42:22,362 - INFO - fetch success
2026-05-05 11:42:38,930 - INFO - fetch success
2026-05-05 11:43:24,526 - INFO - fetch success
2026-05-05 11:44:08,426 - INFO - fetch success
2026-05-05 11:44:08,428 - INFO - database ready for season 2024
2026-05-05 11:44:09,531 - INFO - saved 380 fixtures
2026-05-05 11:45:23,658 - INFO - ==================================================
2026-05-05 11:45:23,658 - INFO - fetching PL data for season 2024
2026-05-05 11:45:23,658 - INFO - ==================================================
2026-05-05 11:45:23,658 - INFO - database ready for season 2024
2026-05-05 11:45:23,658 - INFO - fetching standings...
2026-05-05 11:45:23,965 - INFO - fetch success
2026-05-05 11:45:24,590 - INFO - saved 20 teams to standings
2026-05-05 11:45:24,590 - INFO - fetching top scorers...
2026-05-05 11:45:24,901 - INFO - fetch success
2026-05-05 11:45:24,962 - INFO - saved 19 scorers
2026-05-05 11:45:24,962 - INFO - fetching fixtures...
2026-05-05 11:45:25,540 - INFO - fetch success
2026-05-05 11:45:25,627 - INFO - saved 380 fixtures
2026-05-05 11:45:25,627 - INFO - ALL DONE. data saved to pl_data.db
2026-05-05 16:31:56,229 - INFO - ==================================================
2026-05-05 16:31:56,242 - INFO - fetching PL data for season 2024
2026-05-05 16:31:56,242 - INFO - ==================================================
2026-05-05 16:31:56,600 - INFO - database ready for season 2024
2026-05-05 16:31:56,600 - INFO - fetching standings...
2026-05-05 16:31:56,988 - INFO - fetch success
2026-05-05 16:31:57,060 - INFO - saved 20 teams to standings
2026-05-05 16:31:57,060 - INFO - fetching top scorers...
2026-05-05 16:31:57,359 - INFO - fetch success
2026-05-05 16:31:57,422 - INFO - saved 19 scorers
2026-05-05 16:31:57,422 - INFO - fetching fixtures...
2026-05-05 16:31:58,003 - INFO - fetch success
2026-05-05 16:31:58,119 - INFO - saved 380 fixtures
2026-05-05 16:31:58,119 - INFO - ALL DONE. data saved to pl_data.db
